Build started 31/03/2015 20:01:52.
     1>Project "A:\Mis Documentos\Dropbox\Proyectos\Visual-Odometry\SolutionDir\Project\Project.vcxproj" on node 2 (Build target(s)).
     1>C:\Program Files (x86)\MSBuild\Microsoft.Cpp\v4.0\V120\Microsoft.CppBuild.targets(388,5): warning MSB8028: The intermediate directory (Release\) contains files shared from another project (Test3.vcxproj).  This can lead to incorrect clean and rebuild behavior.
     1>ClCompile:
         C:\Program Files (x86)\Microsoft Visual Studio 12.0\VC\bin\CL.exe /c /Zi /nologo /W3 /WX- /O2 /Oi /Oy- /GL /D WIN32 /D NDEBUG /D _CONSOLE /D _UNICODE /D UNICODE /Gm- /EHsc /MD /GS /Gy /fp:precise /Zc:wchar_t /Zc:forScope /Fo"Release\\" /Fd"Release\vc120.pdb" /Gd /TP /analyze- /errorReport:prompt FMFlann.cpp FRSurf.cpp FRSurfGpu.cpp ImageFeatures.cpp main.cpp RANSAC.cpp StereoImage.cpp VO3D3D.cpp VOMachine.cpp
         FMFlann.cpp
         FRSurf.cpp
         FRSurfGpu.cpp
         ImageFeatures.cpp
         main.cpp
     1>main.cpp(75): warning C4996: 'sprintf': This function or variable may be unsafe. Consider using sprintf_s instead. To disable deprecation, use _CRT_SECURE_NO_WARNINGS. See online help for details.
                 C:\Program Files (x86)\Microsoft Visual Studio 12.0\VC\include\stdio.h(356) : see declaration of 'sprintf'
     1>main.cpp(78): warning C4996: 'sprintf': This function or variable may be unsafe. Consider using sprintf_s instead. To disable deprecation, use _CRT_SECURE_NO_WARNINGS. See online help for details.
                 C:\Program Files (x86)\Microsoft Visual Studio 12.0\VC\include\stdio.h(356) : see declaration of 'sprintf'
         RANSAC.cpp
     1>a:\mis documentos\dropbox\proyectos\visual-odometry\solutiondir\project\RANSAC.h(17): warning C4091: 'static ' : ignored on left of 'RANSAC' when no variable is declared
     1>RANSAC.cpp(16): warning C4018: '<' : signed/unsigned mismatch
     1>RANSAC.cpp(45): warning C4018: '<' : signed/unsigned mismatch
     1>RANSAC.cpp(54): warning C4018: '<' : signed/unsigned mismatch
     1>RANSAC.cpp(130): warning C4018: '<' : signed/unsigned mismatch
         StereoImage.cpp
     1>StereoImage.cpp(31): warning C4018: '<' : signed/unsigned mismatch
         VO3D3D.cpp
     1>a:\mis documentos\dropbox\proyectos\visual-odometry\solutiondir\project\RANSAC.h(17): warning C4091: 'static ' : ignored on left of 'RANSAC' when no variable is declared
     1>VO3D3D.cpp(82): warning C4018: '<' : signed/unsigned mismatch
     1>VO3D3D.cpp(93): warning C4305: 'argument' : truncation from 'int' to 'bool'
     1>VO3D3D.cpp(94): warning C4305: 'argument' : truncation from 'int' to 'bool'
         VOMachine.cpp
       Link:
         C:\Program Files (x86)\Microsoft Visual Studio 12.0\VC\bin\link.exe /ERRORREPORT:PROMPT /OUT:"A:\Mis Documentos\Dropbox\Proyectos\Visual-Odometry\SolutionDir\Release\Visual Odometry.exe" /INCREMENTAL:NO /NOLOGO opencv_core249.lib opencv_imgproc249.lib opencv_highgui249.lib opencv_ml249.lib opencv_video249.lib opencv_features2d249.lib opencv_calib3d249.lib opencv_objdetect249.lib opencv_contrib249.lib opencv_legacy249.lib opencv_flann249.lib opencv_nonfree249.lib kernel32.lib user32.lib gdi32.lib winspool.lib comdlg32.lib advapi32.lib shell32.lib ole32.lib oleaut32.lib uuid.lib odbc32.lib odbccp32.lib /MANIFEST /MANIFESTUAC:"level='asInvoker' uiAccess='false'" /manifest:embed /DEBUG /PDB:"A:\Mis Documentos\Dropbox\Proyectos\Visual-Odometry\SolutionDir\Release\Visual Odometry.pdb" /SUBSYSTEM:CONSOLE /OPT:REF /OPT:ICF /LTCG /TLBID:1 /DYNAMICBASE /NXCOMPAT /IMPLIB:"A:\Mis Documentos\Dropbox\Proyectos\Visual-Odometry\SolutionDir\Release\Visual Odometry.lib" /MACHINE:X86 /SAFESEH Release\FMFlann.obj
         Release\FRSurf.obj
         Release\FRSurfGpu.obj
         Release\ImageFeatures.obj
         Release\main.obj
         Release\RANSAC.obj
         Release\StereoImage.obj
         Release\VO3D3D.obj
         Release\VOMachine.obj
         Generating code
         Finished generating code
         Project.vcxproj -> A:\Mis Documentos\Dropbox\Proyectos\Visual-Odometry\SolutionDir\Release\Visual Odometry.exe
     1>Done Building Project "A:\Mis Documentos\Dropbox\Proyectos\Visual-Odometry\SolutionDir\Project\Project.vcxproj" (Build target(s)).

Build succeeded.

Time Elapsed 00:00:08.18
